BEGIN:VCALENDAR
METHOD:PUBLISH
PRODID:Dienstplan-Konverter // http://www.dienstplankonverter.de
VERSION:2.0
CALSCALE:GREGORIAN
X-WR-CALNAME:Dienstplan 08/2025
X-APPLE-CALENDAR-COLOR:#006394
BEGIN:VEVENT
UID:20250807T151000Z-455630@dienstplankonverter.de
DTSTAMP:20250807T151000Z
DTSTART:20250807T151000Z
DTEND:20250807T151000Z
SUMMARY:Checkin HAJ (17:10 CEST)
LOCATION:HAJ
DESCRIPTION:DutyCode: C/I\n\n
CATEGORIES:Dutyplan - August 2025
END:VEVENT
BEGIN:VEVENT
UID:20250807T161000Z-522463@dienstplankonverter.de
DTSTAMP:20250807T161000Z
DTSTART:20250807T161000Z
DTEND:20250807T184000Z
SUMMARY:EW 6851 HAJ - PMI
LOCATION:HAJ
DESCRIPTION:CP Strobl\, Thomas \nFO Hahne\, Patrick Brendan \nPU Diaz Sjöholm\, Victoria \nST Bentivenga Mujica\, Maria Celeste \nST Ramos León\, Martín \nST Latorre Suarez\, Maria de las Mercedes 
CATEGORIES:Dutyplan - August 2025
END:VEVENT
BEGIN:VEVENT
UID:20250807T191000Z-118098@dienstplankonverter.de
DTSTAMP:20250807T191000Z
DTSTART:20250807T191000Z
DTEND:20250807T191000Z
SUMMARY:Checkout PMI (21:10 CEST)
LOCATION:PMI
DESCRIPTION:DutyCode: C/O\n\n
CATEGORIES:Dutyplan - August 2025
END:VEVENT
BEGIN:VEVENT
UID:20250808T113000Z-923910@dienstplankonverter.de
DTSTAMP:20250808T113000Z
DTSTART:20250808T113000Z
DTEND:20250808T113000Z
SUMMARY:Checkin PMI (13:30 CEST)
LOCATION:PMI
DESCRIPTION:DutyCode: C/I\n\n
CATEGORIES:Dutyplan - August 2025
END:VEVENT
BEGIN:VEVENT
UID:20250808T123000Z-260076@dienstplankonverter.de
DTSTAMP:20250808T123000Z
DTSTART:20250808T123000Z
DTEND:20250808T150000Z
SUMMARY:EW 6802 PMI - DRS
LOCATION:PMI
DESCRIPTION:CP Foldes\, Adam \nFO Hahne\, Patrick Brendan \nPU Aguilo Le Grand\, Patricia Isabel \nST Kinisjarvi\, Emmie \nST Ciulinaru\, Alexandru-Stefan \nST Mellado Muñoz\, María 
CATEGORIES:Dutyplan - August 2025
END:VEVENT
BEGIN:VEVENT
UID:20250808T155000Z-126259@dienstplankonverter.de
DTSTAMP:20250808T155000Z
DTSTART:20250808T155000Z
DTEND:20250808T182000Z
SUMMARY:EW 6803 DRS - PMI
LOCATION:DRS
DESCRIPTION:CP Foldes\, Adam \nFO Hahne\, Patrick Brendan \nPU Aguilo Le Grand\, Patricia Isabel \nST Kinisjarvi\, Emmie \nST Ciulinaru\, Alexandru-Stefan \nST Mellado Muñoz\, María 
CATEGORIES:Dutyplan - August 2025
END:VEVENT
BEGIN:VEVENT
UID:20250808T185000Z-367818@dienstplankonverter.de
DTSTAMP:20250808T185000Z
DTSTART:20250808T185000Z
DTEND:20250808T185000Z
SUMMARY:Checkout PMI (20:50 CEST)
LOCATION:PMI
DESCRIPTION:DutyCode: C/O\n\n
CATEGORIES:Dutyplan - August 2025
END:VEVENT
BEGIN:VEVENT
UID:20250809T000000Z-679646@dienstplankonverter.de
DTSTAMP:20250809T000000Z
DTSTART;VALUE=DATE:20250809
DURATION:P1D
SUMMARY:Off PMI
DESCRIPTION:DutyCode: O_FLEX\n\n
CATEGORIES:Dutyplan - August 2025
END:VEVENT
BEGIN:VEVENT
UID:20250810T000000Z-481485@dienstplankonverter.de
DTSTAMP:20250810T000000Z
DTSTART;VALUE=DATE:20250810
DURATION:P1D
SUMMARY:Off PMI
DESCRIPTION:DutyCode: O_FLEX\n\n
CATEGORIES:Dutyplan - August 2025
END:VEVENT
BEGIN:VEVENT
UID:20250811T090000Z-595434@dienstplankonverter.de
DTSTAMP:20250811T090000Z
DTSTART:20250811T090000Z
DTEND:20250811T210000Z
SUMMARY:Standby PMI
LOCATION:PMI
DESCRIPTION:DutyCode: STBY_S3\n\n
CATEGORIES:Dutyplan - August 2025
END:VEVENT
BEGIN:VEVENT
UID:20250812T113000Z-763470@dienstplankonverter.de
DTSTAMP:20250812T113000Z
DTSTART:20250812T113000Z
DTEND:20250812T113000Z
SUMMARY:Checkin PMI (13:30 CEST)
LOCATION:PMI
DESCRIPTION:DutyCode: C/I\n\n
CATEGORIES:Dutyplan - August 2025
END:VEVENT
BEGIN:VEVENT
UID:20250812T123000Z-889387@dienstplankonverter.de
DTSTAMP:20250812T123000Z
DTSTART:20250812T123000Z
DTEND:20250812T150500Z
SUMMARY:EW 6852 PMI - HAJ
LOCATION:PMI
DESCRIPTION:FO Hahne\, Patrick Brendan \nPU Dulebova\, Simona \nST Poenaru\, Georgiana-Madalina \nST Lucero\, Carolina \nST Aversano\, Ivana 
CATEGORIES:Dutyplan - August 2025
END:VEVENT
BEGIN:VEVENT
UID:20250812T161000Z-540535@dienstplankonverter.de
DTSTAMP:20250812T161000Z
DTSTART:20250812T161000Z
DTEND:20250812T184000Z
SUMMARY:EW 6853 HAJ - PMI
LOCATION:HAJ
DESCRIPTION:FO Hahne\, Patrick Brendan \nPU Dulebova\, Simona \nST Moura Castro\, Carlos Miguel \nST Gradzki\, Mateusz Henryk \nST Cobos Macedo\, Jhon Jose 
CATEGORIES:Dutyplan - August 2025
END:VEVENT
BEGIN:VEVENT
UID:20250812T193000Z-827117@dienstplankonverter.de
DTSTAMP:20250812T193000Z
DTSTART:20250812T193000Z
DTEND:20250812T220500Z
SUMMARY:EW 3591 PMI - HAJ
LOCATION:PMI
DESCRIPTION:FO Hahne\, Patrick Brendan \nPU Dulebova\, Simona \nST Moura Castro\, Carlos Miguel \nST Gradzki\, Mateusz Henryk \nST Cobos Macedo\, Jhon Jose 
CATEGORIES:Dutyplan - August 2025
END:VEVENT
BEGIN:VEVENT
UID:20250812T223500Z-637023@dienstplankonverter.de
DTSTAMP:20250812T223500Z
DTSTART:20250812T223500Z
DTEND:20250812T223500Z
SUMMARY:Checkout HAJ (00:35 CEST)
LOCATION:HAJ
DESCRIPTION:DutyCode: C/O\n\n\n\nMaritim Airport Hotel Hannover,Hannover\n0049 511 97375665\n\n\n
CATEGORIES:Dutyplan - August 2025
END:VEVENT
BEGIN:VEVENT
UID:20250813T151000Z-786175@dienstplankonverter.de
DTSTAMP:20250813T151000Z
DTSTART:20250813T151000Z
DTEND:20250813T151000Z
SUMMARY:Checkin HAJ (17:10 CEST)
LOCATION:HAJ
DESCRIPTION:DutyCode: C/I\n\n
CATEGORIES:Dutyplan - August 2025
END:VEVENT
BEGIN:VEVENT
UID:20250813T161000Z-279403@dienstplankonverter.de
DTSTAMP:20250813T161000Z
DTSTART:20250813T161000Z
DTEND:20250813T184000Z
SUMMARY:EW 6851 HAJ - PMI
LOCATION:HAJ
DESCRIPTION:FO Hahne\, Patrick Brendan \nPU Dulebova\, Simona \nST Orlaie-Taran\, Roxana Loredana \nST Balea\, Denisa-Adina \nST Gonzalez Vazquez\, Angel Manuel 
CATEGORIES:Dutyplan - August 2025
END:VEVENT
BEGIN:VEVENT
UID:20250813T191000Z-346088@dienstplankonverter.de
DTSTAMP:20250813T191000Z
DTSTART:20250813T191000Z
DTEND:20250813T191000Z
SUMMARY:Checkout PMI (21:10 CEST)
LOCATION:PMI
DESCRIPTION:DutyCode: C/O\n\n
CATEGORIES:Dutyplan - August 2025
END:VEVENT
BEGIN:VEVENT
UID:20250814T000000Z-453112@dienstplankonverter.de
DTSTAMP:20250814T000000Z
DTSTART;VALUE=DATE:20250814
DURATION:P1D
SUMMARY:Off PMI
DESCRIPTION:DutyCode: O_M\n\n
CATEGORIES:Dutyplan - August 2025
END:VEVENT
BEGIN:VEVENT
UID:20250815T000000Z-212372@dienstplankonverter.de
DTSTAMP:20250815T000000Z
DTSTART;VALUE=DATE:20250815
DURATION:P1D
SUMMARY:Off PMI
DESCRIPTION:DutyCode: O_M\n\n
CATEGORIES:Dutyplan - August 2025
END:VEVENT
BEGIN:VEVENT
UID:20250816T000000Z-474577@dienstplankonverter.de
DTSTAMP:20250816T000000Z
DTSTART;VALUE=DATE:20250816
DURATION:P1D
SUMMARY:Off PMI
DESCRIPTION:DutyCode: O_M\n\n
CATEGORIES:Dutyplan - August 2025
END:VEVENT
BEGIN:VEVENT
UID:20250817T000000Z-355739@dienstplankonverter.de
DTSTAMP:20250817T000000Z
DTSTART;VALUE=DATE:20250817
DURATION:P1D
SUMMARY:Off PMI
DESCRIPTION:DutyCode: O_M\n\n
CATEGORIES:Dutyplan - August 2025
END:VEVENT
BEGIN:VEVENT
UID:20250818T062500Z-527845@dienstplankonverter.de
DTSTAMP:20250818T062500Z
DTSTART:20250818T062500Z
DTEND:20250818T062500Z
SUMMARY:Checkin PMI (08:25 CEST)
LOCATION:PMI
DESCRIPTION:DutyCode: C/I\n\n
CATEGORIES:Dutyplan - August 2025
END:VEVENT
BEGIN:VEVENT
UID:20250818T072500Z-879615@dienstplankonverter.de
DTSTAMP:20250818T072500Z
DTSTART:20250818T072500Z
DTEND:20250818T094500Z
SUMMARY:DH/EW 9575 PMI - DUS
LOCATION:PMI
DESCRIPTION:
CATEGORIES:Dutyplan - August 2025
END:VEVENT
BEGIN:VEVENT
UID:20250818T094500Z-851120@dienstplankonverter.de
DTSTAMP:20250818T094500Z
DTSTART:20250818T094500Z
DTEND:20250818T094500Z
SUMMARY:Checkout DUS (11:45 CEST)
LOCATION:DUS
DESCRIPTION:DutyCode: C/O\n\n\n\n25Hours Hotel, Duesseldorf 0049 211 900910255\n\n
CATEGORIES:Dutyplan - August 2025
END:VEVENT
BEGIN:VEVENT
UID:20250819T042000Z-259447@dienstplankonverter.de
DTSTAMP:20250819T042000Z
DTSTART:20250819T042000Z
DTEND:20250819T042000Z
SUMMARY:Pickup DUS (06:20 CEST)
LOCATION:DUS
DESCRIPTION:DutyCode: Pick Up\n\n
CATEGORIES:Dutyplan - August 2025
END:VEVENT
BEGIN:VEVENT
UID:20250819T045000Z-374239@dienstplankonverter.de
DTSTAMP:20250819T045000Z
DTSTART:20250819T045000Z
DTEND:20250819T045000Z
SUMMARY:Checkin DUS (06:50 CEST)
LOCATION:DUS
DESCRIPTION:DutyCode: C/I\n\n
CATEGORIES:Dutyplan - August 2025
END:VEVENT
BEGIN:VEVENT
UID:20250819T055000Z-588387@dienstplankonverter.de
DTSTAMP:20250819T055000Z
DTSTART:20250819T055000Z
DTEND:20250819T090500Z
SUMMARY:EW 9670 DUS - HER
LOCATION:DUS
DESCRIPTION:CP Trubac\, Miroslav \nFO Hahne\, Patrick Brendan \nPU Paonessa\, Kevin \nST Cacador Neto\, Fabiana Sofia \nST Straja\, Carla Valentina \nST Petala\, Efthymia 
CATEGORIES:Dutyplan - August 2025
END:VEVENT
BEGIN:VEVENT
UID:20250819T100000Z-637185@dienstplankonverter.de
DTSTAMP:20250819T100000Z
DTSTART:20250819T100000Z
DTEND:20250819T132500Z
SUMMARY:EW 9671 HER - DUS
LOCATION:HER
DESCRIPTION:CP Trubac\, Miroslav \nFO Hahne\, Patrick Brendan \nPU Paonessa\, Kevin \nST Cacador Neto\, Fabiana Sofia \nST Straja\, Carla Valentina \nST Petala\, Efthymia 
CATEGORIES:Dutyplan - August 2025
END:VEVENT
BEGIN:VEVENT
UID:20250819T135500Z-197641@dienstplankonverter.de
DTSTAMP:20250819T135500Z
DTSTART:20250819T135500Z
DTEND:20250819T135500Z
SUMMARY:Checkout DUS (15:55 CEST)
LOCATION:DUS
DESCRIPTION:DutyCode: C/O\n\n\n\n25Hours Hotel, Duesseldorf 0049 211 900910255\n\n
CATEGORIES:Dutyplan - August 2025
END:VEVENT
BEGIN:VEVENT
UID:20250820T024500Z-308880@dienstplankonverter.de
DTSTAMP:20250820T024500Z
DTSTART:20250820T024500Z
DTEND:20250820T024500Z
SUMMARY:Pickup DUS (04:45 CEST)
LOCATION:DUS
DESCRIPTION:DutyCode: Pick Up\n\n
CATEGORIES:Dutyplan - August 2025
END:VEVENT
BEGIN:VEVENT
UID:20250820T032500Z-948430@dienstplankonverter.de
DTSTAMP:20250820T032500Z
DTSTART:20250820T032500Z
DTEND:20250820T032500Z
SUMMARY:Checkin DUS (05:25 CEST)
LOCATION:DUS
DESCRIPTION:DutyCode: C/I\n\n
CATEGORIES:Dutyplan - August 2025
END:VEVENT
BEGIN:VEVENT
UID:20250820T042500Z-602657@dienstplankonverter.de
DTSTAMP:20250820T042500Z
DTSTART:20250820T042500Z
DTEND:20250820T091000Z
SUMMARY:EW 9542 DUS - LPA
LOCATION:DUS
DESCRIPTION:CP Güzel\, Soner \nFO Hahne\, Patrick Brendan \nPU Turos Jakab\, Anita Orsolya \nST Straja\, Carla Valentina \nST Keder\, Malwina \nST Montani\, Victoria Ivonne 
CATEGORIES:Dutyplan - August 2025
END:VEVENT
BEGIN:VEVENT
UID:20250820T100000Z-162230@dienstplankonverter.de
DTSTAMP:20250820T100000Z
DTSTART:20250820T100000Z
DTEND:20250820T142000Z
SUMMARY:EW 9543 LPA - DUS
LOCATION:LPA
DESCRIPTION:CP Güzel\, Soner \nFO Hahne\, Patrick Brendan \nPU Turos Jakab\, Anita Orsolya \nST Straja\, Carla Valentina \nST Keder\, Malwina \nST Montani\, Victoria Ivonne 
CATEGORIES:Dutyplan - August 2025
END:VEVENT
BEGIN:VEVENT
UID:20250820T145000Z-442887@dienstplankonverter.de
DTSTAMP:20250820T145000Z
DTSTART:20250820T145000Z
DTEND:20250820T145000Z
SUMMARY:Checkout DUS (16:50 CEST)
LOCATION:DUS
DESCRIPTION:DutyCode: C/O\n\n\n\n25Hours Hotel, Duesseldorf 0049 211 900910255\n\n
CATEGORIES:Dutyplan - August 2025
END:VEVENT
BEGIN:VEVENT
UID:20250821T033000Z-409849@dienstplankonverter.de
DTSTAMP:20250821T033000Z
DTSTART:20250821T033000Z
DTEND:20250821T033000Z
SUMMARY:Pickup DUS (05:30 CEST)
LOCATION:DUS
DESCRIPTION:DutyCode: Pick Up\n\n
CATEGORIES:Dutyplan - August 2025
END:VEVENT
BEGIN:VEVENT
UID:20250821T041000Z-753695@dienstplankonverter.de
DTSTAMP:20250821T041000Z
DTSTART:20250821T041000Z
DTEND:20250821T041000Z
SUMMARY:Checkin DUS (06:10 CEST)
LOCATION:DUS
DESCRIPTION:DutyCode: C/I\n\n
CATEGORIES:Dutyplan - August 2025
END:VEVENT
BEGIN:VEVENT
UID:20250821T051000Z-563464@dienstplankonverter.de
DTSTAMP:20250821T051000Z
DTSTART:20250821T051000Z
DTEND:20250821T071500Z
SUMMARY:EW 9844 DUS - OLB
LOCATION:DUS
DESCRIPTION:CP Tankovits\, Florian \nFO Hahne\, Patrick Brendan \nPU Varias\, Iasonas \nST Keder\, Malwina \nST Blancafort Pons\, Carla 
CATEGORIES:Dutyplan - August 2025
END:VEVENT
BEGIN:VEVENT
UID:20250821T075500Z-324815@dienstplankonverter.de
DTSTAMP:20250821T075500Z
DTSTART:20250821T075500Z
DTEND:20250821T100000Z
SUMMARY:EW 9845 OLB - DUS
LOCATION:OLB
DESCRIPTION:CP Tankovits\, Florian \nFO Hahne\, Patrick Brendan \nPU Varias\, Iasonas \nST Keder\, Malwina \nST Blancafort Pons\, Carla 
CATEGORIES:Dutyplan - August 2025
END:VEVENT
BEGIN:VEVENT
UID:20250821T103000Z-227792@dienstplankonverter.de
DTSTAMP:20250821T103000Z
DTSTART:20250821T103000Z
DTEND:20250821T103000Z
SUMMARY:Checkout DUS (12:30 CEST)
LOCATION:DUS
DESCRIPTION:DutyCode: C/O\n\n\n\n25Hours Hotel, Duesseldorf 0049 211 900910255\n\n
CATEGORIES:Dutyplan - August 2025
END:VEVENT
BEGIN:VEVENT
UID:20250822T023000Z-889314@dienstplankonverter.de
DTSTAMP:20250822T023000Z
DTSTART:20250822T023000Z
DTEND:20250822T023000Z
SUMMARY:Pickup DUS (04:30 CEST)
LOCATION:DUS
DESCRIPTION:DutyCode: Pick Up\n\n
CATEGORIES:Dutyplan - August 2025
END:VEVENT
BEGIN:VEVENT
UID:20250822T031000Z-535054@dienstplankonverter.de
DTSTAMP:20250822T031000Z
DTSTART:20250822T031000Z
DTEND:20250822T031000Z
SUMMARY:Checkin DUS (05:10 CEST)
LOCATION:DUS
DESCRIPTION:DutyCode: C/I\n\n
CATEGORIES:Dutyplan - August 2025
END:VEVENT
BEGIN:VEVENT
UID:20250822T041000Z-222988@dienstplankonverter.de
DTSTAMP:20250822T041000Z
DTSTART:20250822T041000Z
DTEND:20250822T064500Z
SUMMARY:EW 9500 DUS - IBZ
LOCATION:DUS
DESCRIPTION:CP Dole¿el\, Filip \nFO Hahne\, Patrick Brendan \nPU Ciccone\, Sara \nST Martínez Molina\, Marta \nST Garcia Graupera\, Laura \nST Konstantinou\, Alexandros 
CATEGORIES:Dutyplan - August 2025
END:VEVENT
BEGIN:VEVENT
UID:20250822T072500Z-318043@dienstplankonverter.de
DTSTAMP:20250822T072500Z
DTSTART:20250822T072500Z
DTEND:20250822T095000Z
SUMMARY:EW 9501 IBZ - DUS
LOCATION:IBZ
DESCRIPTION:CP Dole¿el\, Filip \nFO Hahne\, Patrick Brendan \nPU Ciccone\, Sara \nST Martínez Molina\, Marta \nST Garcia Graupera\, Laura \nST Konstantinou\, Alexandros 
CATEGORIES:Dutyplan - August 2025
END:VEVENT
BEGIN:VEVENT
UID:20250822T102000Z-587702@dienstplankonverter.de
DTSTAMP:20250822T102000Z
DTSTART:20250822T102000Z
DTEND:20250822T102000Z
SUMMARY:Checkout DUS (12:20 CEST)
LOCATION:DUS
DESCRIPTION:DutyCode: C/O\n\n\n\n25Hours Hotel, Duesseldorf 0049 211 900910255\n\n
CATEGORIES:Dutyplan - August 2025
END:VEVENT
BEGIN:VEVENT
UID:20250823T030000Z-559547@dienstplankonverter.de
DTSTAMP:20250823T030000Z
DTSTART:20250823T030000Z
DTEND:20250823T030000Z
SUMMARY:Pickup DUS (05:00 CEST)
LOCATION:DUS
DESCRIPTION:DutyCode: Pick Up\n\n
CATEGORIES:Dutyplan - August 2025
END:VEVENT
BEGIN:VEVENT
UID:20250823T034000Z-105441@dienstplankonverter.de
DTSTAMP:20250823T034000Z
DTSTART:20250823T034000Z
DTEND:20250823T034000Z
SUMMARY:Checkin DUS (05:40 CEST)
LOCATION:DUS
DESCRIPTION:DutyCode: C/I\n\n
CATEGORIES:Dutyplan - August 2025
END:VEVENT
BEGIN:VEVENT
UID:20250823T044000Z-692287@dienstplankonverter.de
DTSTAMP:20250823T044000Z
DTSTART:20250823T044000Z
DTEND:20250823T063000Z
SUMMARY:EW 9432 DUS - BIA
LOCATION:DUS
DESCRIPTION:FO Hahne\, Patrick Brendan \nPU Tasioulas\, Thomas \nST Pastor\, Matej \nST Guercia\, Carmela 
CATEGORIES:Dutyplan - August 2025
END:VEVENT
BEGIN:VEVENT
UID:20250823T071000Z-928343@dienstplankonverter.de
DTSTAMP:20250823T071000Z
DTSTART:20250823T071000Z
DTEND:20250823T085500Z
SUMMARY:EW 9433 BIA - DUS
LOCATION:BIA
DESCRIPTION:FO Hahne\, Patrick Brendan \nPU Tasioulas\, Thomas \nST Pastor\, Matej \nST Guercia\, Carmela 
CATEGORIES:Dutyplan - August 2025
END:VEVENT
BEGIN:VEVENT
UID:20250823T111000Z-526449@dienstplankonverter.de
DTSTAMP:20250823T111000Z
DTSTART:20250823T111000Z
DTEND:20250823T133000Z
SUMMARY:DH/EW 9580 DUS - PMI
LOCATION:DUS
DESCRIPTION:
CATEGORIES:Dutyplan - August 2025
END:VEVENT
BEGIN:VEVENT
UID:20250823T133000Z-880688@dienstplankonverter.de
DTSTAMP:20250823T133000Z
DTSTART:20250823T133000Z
DTEND:20250823T133000Z
SUMMARY:Checkout PMI (15:30 CEST)
LOCATION:PMI
DESCRIPTION:DutyCode: C/O\n\n
CATEGORIES:Dutyplan - August 2025
END:VEVENT
BEGIN:VEVENT
UID:20250824T000000Z-161741@dienstplankonverter.de
DTSTAMP:20250824T000000Z
DTSTART;VALUE=DATE:20250824
DURATION:P1D
SUMMARY:Off PMI
DESCRIPTION:DutyCode: O_S\n\n
CATEGORIES:Dutyplan - August 2025
END:VEVENT
BEGIN:VEVENT
UID:20250825T000000Z-385159@dienstplankonverter.de
DTSTAMP:20250825T000000Z
DTSTART;VALUE=DATE:20250825
DURATION:P1D
SUMMARY:Off PMI
DESCRIPTION:DutyCode: O_S\n\n
CATEGORIES:Dutyplan - August 2025
END:VEVENT
BEGIN:VEVENT
UID:20250826T000000Z-795106@dienstplankonverter.de
DTSTAMP:20250826T000000Z
DTSTART;VALUE=DATE:20250826
DURATION:P1D
SUMMARY:Off PMI
DESCRIPTION:DutyCode: O_S\n\n
CATEGORIES:Dutyplan - August 2025
END:VEVENT
BEGIN:VEVENT
UID:20250827T020000Z-487496@dienstplankonverter.de
DTSTAMP:20250827T020000Z
DTSTART:20250827T020000Z
DTEND:20250827T140000Z
SUMMARY:Standby PMI
LOCATION:PMI
DESCRIPTION:DutyCode: STBY_S3\n\n
CATEGORIES:Dutyplan - August 2025
END:VEVENT
BEGIN:VEVENT
UID:20250828T063000Z-622045@dienstplankonverter.de
DTSTAMP:20250828T063000Z
DTSTART:20250828T063000Z
DTEND:20250828T063000Z
SUMMARY:Checkin PMI (08:30 CEST)
LOCATION:PMI
DESCRIPTION:DutyCode: C/I\n\n
CATEGORIES:Dutyplan - August 2025
END:VEVENT
BEGIN:VEVENT
UID:20250828T073000Z-265972@dienstplankonverter.de
DTSTAMP:20250828T073000Z
DTSTART:20250828T073000Z
DTEND:20250828T093500Z
SUMMARY:EW 6896 PMI - MUC
LOCATION:PMI
DESCRIPTION:CP Köhler\, Markus \nFO Hahne\, Patrick Brendan \nPU Martin Rodriguez\, Maria Isabel \nST Fernandez Perales\, Rosalia \nST Salomão\, Mayara \nST Hernando Barrientos\, Estefanía 
CATEGORIES:Dutyplan - August 2025
END:VEVENT
BEGIN:VEVENT
UID:20250828T101500Z-305545@dienstplankonverter.de
DTSTAMP:20250828T101500Z
DTSTART:20250828T101500Z
DTEND:20250828T122500Z
SUMMARY:EW 6897 MUC - PMI
LOCATION:MUC
DESCRIPTION:CP Köhler\, Markus \nFO Hahne\, Patrick Brendan \nPU Martin Rodriguez\, Maria Isabel \nST Fernandez Perales\, Rosalia \nST Salomão\, Mayara \nST Hernando Barrientos\, Estefanía 
CATEGORIES:Dutyplan - August 2025
END:VEVENT
BEGIN:VEVENT
UID:20250828T132500Z-295835@dienstplankonverter.de
DTSTAMP:20250828T132500Z
DTSTART:20250828T132500Z
DTEND:20250828T153000Z
SUMMARY:EW 2581 PMI - STR
LOCATION:PMI
DESCRIPTION:CP Köhler\, Markus \nFO Hahne\, Patrick Brendan \nPU Martin Rodriguez\, Maria Isabel \nST Fernandez Perales\, Rosalia \nST Salomão\, Mayara \nST Hernando Barrientos\, Estefanía 
CATEGORIES:Dutyplan - August 2025
END:VEVENT
BEGIN:VEVENT
UID:20250828T160000Z-709699@dienstplankonverter.de
DTSTAMP:20250828T160000Z
DTSTART:20250828T160000Z
DTEND:20250828T160000Z
SUMMARY:Checkout STR (18:00 CEST)
LOCATION:STR
DESCRIPTION:DutyCode: C/O\n\n\n\nPullman Fontana, Stuttgart 00497117302300\n\n
CATEGORIES:Dutyplan - August 2025
END:VEVENT
BEGIN:VEVENT
UID:20250829T030000Z-534451@dienstplankonverter.de
DTSTAMP:20250829T030000Z
DTSTART:20250829T030000Z
DTEND:20250829T030000Z
SUMMARY:Pickup STR (05:00 CEST)
LOCATION:STR
DESCRIPTION:DutyCode: Pick Up\n\n
CATEGORIES:Dutyplan - August 2025
END:VEVENT
BEGIN:VEVENT
UID:20250829T032000Z-289526@dienstplankonverter.de
DTSTAMP:20250829T032000Z
DTSTART:20250829T032000Z
DTEND:20250829T032000Z
SUMMARY:Checkin STR (05:20 CEST)
LOCATION:STR
DESCRIPTION:DutyCode: C/I\n\n
CATEGORIES:Dutyplan - August 2025
END:VEVENT
BEGIN:VEVENT
UID:20250829T042000Z-924358@dienstplankonverter.de
DTSTAMP:20250829T042000Z
DTSTART:20250829T042000Z
DTEND:20250829T062000Z
SUMMARY:EW 2582 STR - PMI
LOCATION:STR
DESCRIPTION:CP Köhler\, Markus \nFO Hahne\, Patrick Brendan \nPU Martin Rodriguez\, Maria Isabel \nST Fernandez Perales\, Rosalia \nST Salomão\, Mayara \nST Hernando Barrientos\, Estefanía 
CATEGORIES:Dutyplan - August 2025
END:VEVENT
BEGIN:VEVENT
UID:20250829T075000Z-861298@dienstplankonverter.de
DTSTAMP:20250829T075000Z
DTSTART:20250829T075000Z
DTEND:20250829T101000Z
SUMMARY:DH/EW 9577 PMI - DUS
LOCATION:PMI
DESCRIPTION:
CATEGORIES:Dutyplan - August 2025
END:VEVENT
BEGIN:VEVENT
UID:20250829T101000Z-715572@dienstplankonverter.de
DTSTAMP:20250829T101000Z
DTSTART:20250829T101000Z
DTEND:20250829T101000Z
SUMMARY:Checkout DUS (12:10 CEST)
LOCATION:DUS
DESCRIPTION:DutyCode: C/O\n\n\n\n25Hours Hotel, Duesseldorf 0049 211 900910255\n\n
CATEGORIES:Dutyplan - August 2025
END:VEVENT
BEGIN:VEVENT
UID:20250830T022500Z-299261@dienstplankonverter.de
DTSTAMP:20250830T022500Z
DTSTART:20250830T022500Z
DTEND:20250830T022500Z
SUMMARY:Pickup DUS (04:25 CEST)
LOCATION:DUS
DESCRIPTION:DutyCode: Pick Up\n\n
CATEGORIES:Dutyplan - August 2025
END:VEVENT
BEGIN:VEVENT
UID:20250830T030500Z-131533@dienstplankonverter.de
DTSTAMP:20250830T030500Z
DTSTART:20250830T030500Z
DTEND:20250830T030500Z
SUMMARY:Checkin DUS (05:05 CEST)
LOCATION:DUS
DESCRIPTION:DutyCode: C/I\n\n
CATEGORIES:Dutyplan - August 2025
END:VEVENT
BEGIN:VEVENT
UID:20250830T040500Z-473469@dienstplankonverter.de
DTSTAMP:20250830T040500Z
DTSTART:20250830T040500Z
DTEND:20250830T054000Z
SUMMARY:EW 9956 DUS - LJU
LOCATION:DUS
DESCRIPTION:CP Drauch\, Mario \nFO Hahne\, Patrick Brendan \nPU Kozubek\, Rafal Andrzej \nST Gonçalves Gonçalves\, Gilberto José \nST Prieto de Lima\, Isaiane \nST Marty\, Emilie Sophie Mireille 
CATEGORIES:Dutyplan - August 2025
END:VEVENT
BEGIN:VEVENT
UID:20250830T062000Z-153797@dienstplankonverter.de
DTSTAMP:20250830T062000Z
DTSTART:20250830T062000Z
DTEND:20250830T080000Z
SUMMARY:EW 9957 LJU - DUS
LOCATION:LJU
DESCRIPTION:CP Drauch\, Mario \nFO Hahne\, Patrick Brendan \nPU Kozubek\, Rafal Andrzej \nST Gonçalves Gonçalves\, Gilberto José \nST Prieto de Lima\, Isaiane \nST Marty\, Emilie Sophie Mireille 
CATEGORIES:Dutyplan - August 2025
END:VEVENT
BEGIN:VEVENT
UID:20250830T093000Z-590646@dienstplankonverter.de
DTSTAMP:20250830T093000Z
DTSTART:20250830T093000Z
DTEND:20250830T115000Z
SUMMARY:DH/EW 9578 DUS - PMI
LOCATION:DUS
DESCRIPTION:
CATEGORIES:Dutyplan - August 2025
END:VEVENT
BEGIN:VEVENT
UID:20250830T115000Z-658495@dienstplankonverter.de
DTSTAMP:20250830T115000Z
DTSTART:20250830T115000Z
DTEND:20250830T115000Z
SUMMARY:Checkout PMI (13:50 CEST)
LOCATION:PMI
DESCRIPTION:DutyCode: C/O\n\n
CATEGORIES:Dutyplan - August 2025
END:VEVENT
BEGIN:VEVENT
UID:20250831T100000Z-562288@dienstplankonverter.de
DTSTAMP:20250831T100000Z
DTSTART:20250831T100000Z
DTEND:20250831T100000Z
SUMMARY:Checkin PMI (12:00 CEST)
LOCATION:PMI
DESCRIPTION:DutyCode: C/I\n\n
CATEGORIES:Dutyplan - August 2025
END:VEVENT
BEGIN:VEVENT
UID:20250831T110000Z-237728@dienstplankonverter.de
DTSTAMP:20250831T110000Z
DTSTART:20250831T110000Z
DTEND:20250831T130500Z
SUMMARY:EW 6804 PMI - FKB
LOCATION:PMI
DESCRIPTION:CP Stumpf\, Michael \nFO Hahne\, Patrick Brendan \nPU Gonzalez Morillas\, Claudia \nST Garcia Martin\, Patricia Maria \nST Escobar Bravo\, Silvia \nST Torres Sinaluisa\, Luis 
CATEGORIES:Dutyplan - August 2025
END:VEVENT
BEGIN:VEVENT
UID:20250831T135000Z-566939@dienstplankonverter.de
DTSTAMP:20250831T135000Z
DTSTART:20250831T135000Z
DTEND:20250831T154500Z
SUMMARY:EW 6805 FKB - PMI
LOCATION:FKB
DESCRIPTION:CP Stumpf\, Michael \nFO Hahne\, Patrick Brendan \nPU Gonzalez Morillas\, Claudia \nST Garcia Martin\, Patricia Maria \nST Escobar Bravo\, Silvia \nST Torres Sinaluisa\, Luis 
CATEGORIES:Dutyplan - August 2025
END:VEVENT
BEGIN:VEVENT
UID:20250831T164500Z-565104@dienstplankonverter.de
DTSTAMP:20250831T164500Z
DTSTART:20250831T164500Z
DTEND:20250831T190500Z
SUMMARY:EW 6894 PMI - DUS
LOCATION:PMI
DESCRIPTION:CP Stumpf\, Michael \nFO Hahne\, Patrick Brendan \nPU Gonzalez Morillas\, Claudia \nST Garcia Martin\, Patricia Maria \nST Escobar Bravo\, Silvia \nST Torres Sinaluisa\, Luis 
CATEGORIES:Dutyplan - August 2025
END:VEVENT
BEGIN:VEVENT
UID:20250831T193500Z-686549@dienstplankonverter.de
DTSTAMP:20250831T193500Z
DTSTART:20250831T193500Z
DTEND:20250831T193500Z
SUMMARY:Checkout DUS (21:35 CEST)
LOCATION:DUS
DESCRIPTION:DutyCode: C/O\n\n\n\n25Hours Hotel, Duesseldorf 0049 211 900910255\n\n
CATEGORIES:Dutyplan - August 2025
END:VEVENT
END:VCALENDAR