[
  {
    "id": "parsed-0",
    "date": "2025-07-31T19:40:00.752Z",
    "flightNumber": "Unknown",
    "departureTime": "2025-07-31T19:40:00.752Z",
    "arrivalTime": "2025-07-31T19:40:00.752Z",
    "departureLocation": "Unknown",
    "arrivalLocation": "Unknown"
  },
  {
    "id": "parsed-1",
    "date": "2025-07-31T19:40:00.752Z",
    "flightNumber": "Unknown",
    "departureTime": "2025-07-31T19:40:00.752Z",
    "arrivalTime": "2025-07-31T19:40:00.752Z",
    "departureLocation": "Unknown",
    "arrivalLocation": "Unknown"
  },
  {
    "id": "parsed-2",
    "date": "2025-07-31T19:40:00.752Z",
    "flightNumber": "Unknown",
    "departureTime": "2025-07-31T19:40:00.752Z",
    "arrivalTime": "2025-07-31T19:40:00.752Z",
    "departureLocation": "Unknown",
    "arrivalLocation": "Unknown"
  },
  {
    "id": "parsed-3",
    "date": "20250804",
    "flightNumber": "Unknown",
    "departureTime": "S",
    "arrivalTime": "20250804T210000Z\r",
    "departureLocation": "Unknown",
    "arrivalLocation": "Unknown"
  },
  {
    "id": "parsed-4",
    "date": "20250805",
    "flightNumber": "Unknown",
    "departureTime": "S",
    "arrivalTime": "20250805T160000Z\r",
    "departureLocation": "Unknown",
    "arrivalLocation": "Unknown"
  },
  {
    "id": "parsed-5",
    "date": "20250805",
    "flightNumber": "Unknown",
    "departureTime": "S",
    "arrivalTime": "20250805T193500Z\r",
    "departureLocation": "Unknown",
    "arrivalLocation": "Unknown"
  },
  {
    "id": "parsed-6",
    "date": "20250805",
    "flightNumber": "Unknown",
    "departureTime": "S",
    "arrivalTime": "20250805T200500Z\r",
    "departureLocation": "Unknown",
    "arrivalLocation": "Unknown"
  },
  {
    "id": "parsed-7",
    "date": "20250806",
    "flightNumber": "Unknown",
    "departureTime": "S",
    "arrivalTime": "20250806T103500Z\r",
    "departureLocation": "Unknown",
    "arrivalLocation": "Unknown"
  },
  {
    "id": "parsed-8",
    "date": "20250806",
    "flightNumber": "Unknown",
    "departureTime": "S",
    "arrivalTime": "20250806T135500Z\r",
    "departureLocation": "Unknown",
    "arrivalLocation": "Unknown"
  },
  {
    "id": "parsed-9",
    "date": "20250806",
    "flightNumber": "Unknown",
    "departureTime": "S",
    "arrivalTime": "20250806T163000Z\r",
    "departureLocation": "Unknown",
    "arrivalLocation": "Unknown"
  },
  {
    "id": "parsed-10",
    "date": "20250806",
    "flightNumber": "Unknown",
    "departureTime": "S",
    "arrivalTime": "20250806T192500Z\r",
    "departureLocation": "Unknown",
    "arrivalLocation": "Unknown"
  },
  {
    "id": "parsed-11",
    "date": "20250806",
    "flightNumber": "Unknown",
    "departureTime": "S",
    "arrivalTime": "20250806T223000Z\r",
    "departureLocation": "Unknown",
    "arrivalLocation": "Unknown"
  },
  {
    "id": "parsed-12",
    "date": "20250806",
    "flightNumber": "Unknown",
    "departureTime": "S",
    "arrivalTime": "20250806T230000Z\r",
    "departureLocation": "Unknown",
    "arrivalLocation": "Unknown"
  },
  {
    "id": "parsed-13",
    "date": "20250807",
    "flightNumber": "Unknown",
    "departureTime": "S",
    "arrivalTime": "20250807T151000Z\r",
    "departureLocation": "Unknown",
    "arrivalLocation": "Unknown"
  },
  {
    "id": "parsed-14",
    "date": "20250807",
    "flightNumber": "Unknown",
    "departureTime": "S",
    "arrivalTime": "20250807T184000Z\r",
    "departureLocation": "Unknown",
    "arrivalLocation": "Unknown"
  },
  {
    "id": "parsed-15",
    "date": "20250807",
    "flightNumber": "Unknown",
    "departureTime": "S",
    "arrivalTime": "20250807T191000Z\r",
    "departureLocation": "Unknown",
    "arrivalLocation": "Unknown"
  },
  {
    "id": "parsed-16",
    "date": "20250808",
    "flightNumber": "Unknown",
    "departureTime": "S",
    "arrivalTime": "20250808T113000Z\r",
    "departureLocation": "Unknown",
    "arrivalLocation": "Unknown"
  },
  {
    "id": "parsed-17",
    "date": "20250808",
    "flightNumber": "Unknown",
    "departureTime": "S",
    "arrivalTime": "20250808T150000Z\r",
    "departureLocation": "Unknown",
    "arrivalLocation": "Unknown"
  },
  {
    "id": "parsed-18",
    "date": "20250808",
    "flightNumber": "Unknown",
    "departureTime": "S",
    "arrivalTime": "20250808T182000Z\r",
    "departureLocation": "Unknown",
    "arrivalLocation": "Unknown"
  },
  {
    "id": "parsed-19",
    "date": "20250808",
    "flightNumber": "Unknown",
    "departureTime": "S",
    "arrivalTime": "20250808T185000Z\r",
    "departureLocation": "Unknown",
    "arrivalLocation": "Unknown"
  },
  {
    "id": "parsed-20",
    "date": "2025-07-31T19:40:00.753Z",
    "flightNumber": "Unknown",
    "departureTime": "2025-07-31T19:40:00.753Z",
    "arrivalTime": "2025-07-31T19:40:00.753Z",
    "departureLocation": "Unknown",
    "arrivalLocation": "Unknown"
  },
  {
    "id": "parsed-21",
    "date": "2025-07-31T19:40:00.753Z",
    "flightNumber": "Unknown",
    "departureTime": "2025-07-31T19:40:00.753Z",
    "arrivalTime": "2025-07-31T19:40:00.753Z",
    "departureLocation": "Unknown",
    "arrivalLocation": "Unknown"
  },
  {
    "id": "parsed-22",
    "date": "20250811",
    "flightNumber": "Unknown",
    "departureTime": "S",
    "arrivalTime": "20250811T210000Z\r",
    "departureLocation": "Unknown",
    "arrivalLocation": "Unknown"
  },
  {
    "id": "parsed-23",
    "date": "20250812",
    "flightNumber": "Unknown",
    "departureTime": "S",
    "arrivalTime": "20250812T113000Z\r",
    "departureLocation": "Unknown",
    "arrivalLocation": "Unknown"
  },
  {
    "id": "parsed-24",
    "date": "20250812",
    "flightNumber": "Unknown",
    "departureTime": "S",
    "arrivalTime": "20250812T150500Z\r",
    "departureLocation": "Unknown",
    "arrivalLocation": "Unknown"
  },
  {
    "id": "parsed-25",
    "date": "20250812",
    "flightNumber": "Unknown",
    "departureTime": "S",
    "arrivalTime": "20250812T184000Z\r",
    "departureLocation": "Unknown",
    "arrivalLocation": "Unknown"
  },
  {
    "id": "parsed-26",
    "date": "20250812",
    "flightNumber": "Unknown",
    "departureTime": "S",
    "arrivalTime": "20250812T220500Z\r",
    "departureLocation": "Unknown",
    "arrivalLocation": "Unknown"
  },
  {
    "id": "parsed-27",
    "date": "20250812",
    "flightNumber": "Unknown",
    "departureTime": "S",
    "arrivalTime": "20250812T223500Z\r",
    "departureLocation": "Unknown",
    "arrivalLocation": "Unknown"
  },
  {
    "id": "parsed-28",
    "date": "20250813",
    "flightNumber": "Unknown",
    "departureTime": "S",
    "arrivalTime": "20250813T151000Z\r",
    "departureLocation": "Unknown",
    "arrivalLocation": "Unknown"
  },
  {
    "id": "parsed-29",
    "date": "20250813",
    "flightNumber": "Unknown",
    "departureTime": "S",
    "arrivalTime": "20250813T184000Z\r",
    "departureLocation": "Unknown",
    "arrivalLocation": "Unknown"
  },
  {
    "id": "parsed-30",
    "date": "20250813",
    "flightNumber": "Unknown",
    "departureTime": "S",
    "arrivalTime": "20250813T191000Z\r",
    "departureLocation": "Unknown",
    "arrivalLocation": "Unknown"
  },
  {
    "id": "parsed-31",
    "date": "2025-07-31T19:40:00.753Z",
    "flightNumber": "Unknown",
    "departureTime": "2025-07-31T19:40:00.753Z",
    "arrivalTime": "2025-07-31T19:40:00.753Z",
    "departureLocation": "Unknown",
    "arrivalLocation": "Unknown"
  },
  {
    "id": "parsed-32",
    "date": "2025-07-31T19:40:00.753Z",
    "flightNumber": "Unknown",
    "departureTime": "2025-07-31T19:40:00.753Z",
    "arrivalTime": "2025-07-31T19:40:00.753Z",
    "departureLocation": "Unknown",
    "arrivalLocation": "Unknown"
  },
  {
    "id": "parsed-33",
    "date": "2025-07-31T19:40:00.753Z",
    "flightNumber": "Unknown",
    "departureTime": "2025-07-31T19:40:00.753Z",
    "arrivalTime": "2025-07-31T19:40:00.753Z",
    "departureLocation": "Unknown",
    "arrivalLocation": "Unknown"
  },
  {
    "id": "parsed-34",
    "date": "2025-07-31T19:40:00.753Z",
    "flightNumber": "Unknown",
    "departureTime": "2025-07-31T19:40:00.753Z",
    "arrivalTime": "2025-07-31T19:40:00.753Z",
    "departureLocation": "Unknown",
    "arrivalLocation": "Unknown"
  },
  {
    "id": "parsed-35",
    "date": "20250818",
    "flightNumber": "Unknown",
    "departureTime": "S",
    "arrivalTime": "20250818T062500Z\r",
    "departureLocation": "Unknown",
    "arrivalLocation": "Unknown"
  },
  {
    "id": "parsed-36",
    "date": "20250818",
    "flightNumber": "Unknown",
    "departureTime": "S",
    "arrivalTime": "20250818T094500Z\r",
    "departureLocation": "Unknown",
    "arrivalLocation": "Unknown"
  },
  {
    "id": "parsed-37",
    "date": "20250818",
    "flightNumber": "Unknown",
    "departureTime": "S",
    "arrivalTime": "20250818T094500Z\r",
    "departureLocation": "Unknown",
    "arrivalLocation": "Unknown"
  },
  {
    "id": "parsed-38",
    "date": "20250819",
    "flightNumber": "Unknown",
    "departureTime": "S",
    "arrivalTime": "20250819T042000Z\r",
    "departureLocation": "Unknown",
    "arrivalLocation": "Unknown"
  },
  {
    "id": "parsed-39",
    "date": "20250819",
    "flightNumber": "Unknown",
    "departureTime": "S",
    "arrivalTime": "20250819T045000Z\r",
    "departureLocation": "Unknown",
    "arrivalLocation": "Unknown"
  },
  {
    "id": "parsed-40",
    "date": "20250819",
    "flightNumber": "Unknown",
    "departureTime": "S",
    "arrivalTime": "20250819T090500Z\r",
    "departureLocation": "Unknown",
    "arrivalLocation": "Unknown"
  },
  {
    "id": "parsed-41",
    "date": "20250819",
    "flightNumber": "Unknown",
    "departureTime": "S",
    "arrivalTime": "20250819T132500Z\r",
    "departureLocation": "Unknown",
    "arrivalLocation": "Unknown"
  },
  {
    "id": "parsed-42",
    "date": "20250819",
    "flightNumber": "Unknown",
    "departureTime": "S",
    "arrivalTime": "20250819T135500Z\r",
    "departureLocation": "Unknown",
    "arrivalLocation": "Unknown"
  },
  {
    "id": "parsed-43",
    "date": "20250820",
    "flightNumber": "Unknown",
    "departureTime": "S",
    "arrivalTime": "20250820T024500Z\r",
    "departureLocation": "Unknown",
    "arrivalLocation": "Unknown"
  },
  {
    "id": "parsed-44",
    "date": "20250820",
    "flightNumber": "Unknown",
    "departureTime": "S",
    "arrivalTime": "20250820T032500Z\r",
    "departureLocation": "Unknown",
    "arrivalLocation": "Unknown"
  },
  {
    "id": "parsed-45",
    "date": "20250820",
    "flightNumber": "Unknown",
    "departureTime": "S",
    "arrivalTime": "20250820T091000Z\r",
    "departureLocation": "Unknown",
    "arrivalLocation": "Unknown"
  },
  {
    "id": "parsed-46",
    "date": "20250820",
    "flightNumber": "Unknown",
    "departureTime": "S",
    "arrivalTime": "20250820T142000Z\r",
    "departureLocation": "Unknown",
    "arrivalLocation": "Unknown"
  },
  {
    "id": "parsed-47",
    "date": "20250820",
    "flightNumber": "Unknown",
    "departureTime": "S",
    "arrivalTime": "20250820T145000Z\r",
    "departureLocation": "Unknown",
    "arrivalLocation": "Unknown"
  },
  {
    "id": "parsed-48",
    "date": "20250821",
    "flightNumber": "Unknown",
    "departureTime": "S",
    "arrivalTime": "20250821T033000Z\r",
    "departureLocation": "Unknown",
    "arrivalLocation": "Unknown"
  },
  {
    "id": "parsed-49",
    "date": "20250821",
    "flightNumber": "Unknown",
    "departureTime": "S",
    "arrivalTime": "20250821T041000Z\r",
    "departureLocation": "Unknown",
    "arrivalLocation": "Unknown"
  },
  {
    "id": "parsed-50",
    "date": "20250821",
    "flightNumber": "Unknown",
    "departureTime": "S",
    "arrivalTime": "20250821T071500Z\r",
    "departureLocation": "Unknown",
    "arrivalLocation": "Unknown"
  },
  {
    "id": "parsed-51",
    "date": "20250821",
    "flightNumber": "Unknown",
    "departureTime": "S",
    "arrivalTime": "20250821T100000Z\r",
    "departureLocation": "Unknown",
    "arrivalLocation": "Unknown"
  },
  {
    "id": "parsed-52",
    "date": "20250821",
    "flightNumber": "Unknown",
    "departureTime": "S",
    "arrivalTime": "20250821T103000Z\r",
    "departureLocation": "Unknown",
    "arrivalLocation": "Unknown"
  },
  {
    "id": "parsed-53",
    "date": "20250822",
    "flightNumber": "Unknown",
    "departureTime": "S",
    "arrivalTime": "20250822T023000Z\r",
    "departureLocation": "Unknown",
    "arrivalLocation": "Unknown"
  },
  {
    "id": "parsed-54",
    "date": "20250822",
    "flightNumber": "Unknown",
    "departureTime": "S",
    "arrivalTime": "20250822T031000Z\r",
    "departureLocation": "Unknown",
    "arrivalLocation": "Unknown"
  },
  {
    "id": "parsed-55",
    "date": "20250822",
    "flightNumber": "Unknown",
    "departureTime": "S",
    "arrivalTime": "20250822T064500Z\r",
    "departureLocation": "Unknown",
    "arrivalLocation": "Unknown"
  },
  {
    "id": "parsed-56",
    "date": "20250822",
    "flightNumber": "Unknown",
    "departureTime": "S",
    "arrivalTime": "20250822T095000Z\r",
    "departureLocation": "Unknown",
    "arrivalLocation": "Unknown"
  },
  {
    "id": "parsed-57",
    "date": "20250822",
    "flightNumber": "Unknown",
    "departureTime": "S",
    "arrivalTime": "20250822T102000Z\r",
    "departureLocation": "Unknown",
    "arrivalLocation": "Unknown"
  },
  {
    "id": "parsed-58",
    "date": "20250823",
    "flightNumber": "Unknown",
    "departureTime": "S",
    "arrivalTime": "20250823T030000Z\r",
    "departureLocation": "Unknown",
    "arrivalLocation": "Unknown"
  },
  {
    "id": "parsed-59",
    "date": "20250823",
    "flightNumber": "Unknown",
    "departureTime": "S",
    "arrivalTime": "20250823T034000Z\r",
    "departureLocation": "Unknown",
    "arrivalLocation": "Unknown"
  },
  {
    "id": "parsed-60",
    "date": "20250823",
    "flightNumber": "Unknown",
    "departureTime": "S",
    "arrivalTime": "20250823T063000Z\r",
    "departureLocation": "Unknown",
    "arrivalLocation": "Unknown"
  },
  {
    "id": "parsed-61",
    "date": "20250823",
    "flightNumber": "Unknown",
    "departureTime": "S",
    "arrivalTime": "20250823T085500Z\r",
    "departureLocation": "Unknown",
    "arrivalLocation": "Unknown"
  },
  {
    "id": "parsed-62",
    "date": "20250823",
    "flightNumber": "Unknown",
    "departureTime": "S",
    "arrivalTime": "20250823T133000Z\r",
    "departureLocation": "Unknown",
    "arrivalLocation": "Unknown"
  },
  {
    "id": "parsed-63",
    "date": "20250823",
    "flightNumber": "Unknown",
    "departureTime": "S",
    "arrivalTime": "20250823T133000Z\r",
    "departureLocation": "Unknown",
    "arrivalLocation": "Unknown"
  },
  {
    "id": "parsed-64",
    "date": "2025-07-31T19:40:00.754Z",
    "flightNumber": "Unknown",
    "departureTime": "2025-07-31T19:40:00.754Z",
    "arrivalTime": "2025-07-31T19:40:00.754Z",
    "departureLocation": "Unknown",
    "arrivalLocation": "Unknown"
  },
  {
    "id": "parsed-65",
    "date": "2025-07-31T19:40:00.754Z",
    "flightNumber": "Unknown",
    "departureTime": "2025-07-31T19:40:00.754Z",
    "arrivalTime": "2025-07-31T19:40:00.754Z",
    "departureLocation": "Unknown",
    "arrivalLocation": "Unknown"
  },
  {
    "id": "parsed-66",
    "date": "2025-07-31T19:40:00.754Z",
    "flightNumber": "Unknown",
    "departureTime": "2025-07-31T19:40:00.754Z",
    "arrivalTime": "2025-07-31T19:40:00.754Z",
    "departureLocation": "Unknown",
    "arrivalLocation": "Unknown"
  },
  {
    "id": "parsed-67",
    "date": "20250827",
    "flightNumber": "Unknown",
    "departureTime": "S",
    "arrivalTime": "20250827T140000Z\r",
    "departureLocation": "Unknown",
    "arrivalLocation": "Unknown"
  },
  {
    "id": "parsed-68",
    "date": "20250828",
    "flightNumber": "Unknown",
    "departureTime": "S",
    "arrivalTime": "20250828T063000Z\r",
    "departureLocation": "Unknown",
    "arrivalLocation": "Unknown"
  },
  {
    "id": "parsed-69",
    "date": "20250828",
    "flightNumber": "Unknown",
    "departureTime": "S",
    "arrivalTime": "20250828T093500Z\r",
    "departureLocation": "Unknown",
    "arrivalLocation": "Unknown"
  },
  {
    "id": "parsed-70",
    "date": "20250828",
    "flightNumber": "Unknown",
    "departureTime": "S",
    "arrivalTime": "20250828T122500Z\r",
    "departureLocation": "Unknown",
    "arrivalLocation": "Unknown"
  },
  {
    "id": "parsed-71",
    "date": "20250828",
    "flightNumber": "Unknown",
    "departureTime": "S",
    "arrivalTime": "20250828T153000Z\r",
    "departureLocation": "Unknown",
    "arrivalLocation": "Unknown"
  },
  {
    "id": "parsed-72",
    "date": "20250828",
    "flightNumber": "Unknown",
    "departureTime": "S",
    "arrivalTime": "20250828T160000Z\r",
    "departureLocation": "Unknown",
    "arrivalLocation": "Unknown"
  },
  {
    "id": "parsed-73",
    "date": "20250829",
    "flightNumber": "Unknown",
    "departureTime": "S",
    "arrivalTime": "20250829T024000Z\r",
    "departureLocation": "Unknown",
    "arrivalLocation": "Unknown"
  },
  {
    "id": "parsed-74",
    "date": "20250829",
    "flightNumber": "Unknown",
    "departureTime": "S",
    "arrivalTime": "20250829T032000Z\r",
    "departureLocation": "Unknown",
    "arrivalLocation": "Unknown"
  },
  {
    "id": "parsed-75",
    "date": "20250829",
    "flightNumber": "Unknown",
    "departureTime": "S",
    "arrivalTime": "20250829T062000Z\r",
    "departureLocation": "Unknown",
    "arrivalLocation": "Unknown"
  },
  {
    "id": "parsed-76",
    "date": "20250829",
    "flightNumber": "Unknown",
    "departureTime": "S",
    "arrivalTime": "20250829T101000Z\r",
    "departureLocation": "Unknown",
    "arrivalLocation": "Unknown"
  },
  {
    "id": "parsed-77",
    "date": "20250829",
    "flightNumber": "Unknown",
    "departureTime": "S",
    "arrivalTime": "20250829T101000Z\r",
    "departureLocation": "Unknown",
    "arrivalLocation": "Unknown"
  },
  {
    "id": "parsed-78",
    "date": "20250830",
    "flightNumber": "Unknown",
    "departureTime": "S",
    "arrivalTime": "20250830T022500Z\r",
    "departureLocation": "Unknown",
    "arrivalLocation": "Unknown"
  },
  {
    "id": "parsed-79",
    "date": "20250830",
    "flightNumber": "Unknown",
    "departureTime": "S",
    "arrivalTime": "20250830T030500Z\r",
    "departureLocation": "Unknown",
    "arrivalLocation": "Unknown"
  },
  {
    "id": "parsed-80",
    "date": "20250830",
    "flightNumber": "Unknown",
    "departureTime": "S",
    "arrivalTime": "20250830T054000Z\r",
    "departureLocation": "Unknown",
    "arrivalLocation": "Unknown"
  },
  {
    "id": "parsed-81",
    "date": "20250830",
    "flightNumber": "Unknown",
    "departureTime": "S",
    "arrivalTime": "20250830T080000Z\r",
    "departureLocation": "Unknown",
    "arrivalLocation": "Unknown"
  },
  {
    "id": "parsed-82",
    "date": "20250830",
    "flightNumber": "Unknown",
    "departureTime": "S",
    "arrivalTime": "20250830T115000Z\r",
    "departureLocation": "Unknown",
    "arrivalLocation": "Unknown"
  },
  {
    "id": "parsed-83",
    "date": "20250830",
    "flightNumber": "Unknown",
    "departureTime": "S",
    "arrivalTime": "20250830T115000Z\r",
    "departureLocation": "Unknown",
    "arrivalLocation": "Unknown"
  },
  {
    "id": "parsed-84",
    "date": "20250831",
    "flightNumber": "Unknown",
    "departureTime": "S",
    "arrivalTime": "20250831T100000Z\r",
    "departureLocation": "Unknown",
    "arrivalLocation": "Unknown"
  },
  {
    "id": "parsed-85",
    "date": "20250831",
    "flightNumber": "Unknown",
    "departureTime": "S",
    "arrivalTime": "20250831T130500Z\r",
    "departureLocation": "Unknown",
    "arrivalLocation": "Unknown"
  },
  {
    "id": "parsed-86",
    "date": "20250831",
    "flightNumber": "Unknown",
    "departureTime": "S",
    "arrivalTime": "20250831T154500Z\r",
    "departureLocation": "Unknown",
    "arrivalLocation": "Unknown"
  },
  {
    "id": "parsed-87",
    "date": "20250831",
    "flightNumber": "Unknown",
    "departureTime": "S",
    "arrivalTime": "20250831T190500Z\r",
    "departureLocation": "Unknown",
    "arrivalLocation": "Unknown"
  },
  {
    "id": "parsed-88",
    "date": "20250831",
    "flightNumber": "Unknown",
    "departureTime": "S",
    "arrivalTime": "20250831T193500Z\r",
    "departureLocation": "Unknown",
    "arrivalLocation": "Unknown"
  }
]