[
  {
    "id": "parsed-0",
    "date": "2025-08-07",
    "flightNumber": "C/I",
    "departureTime": "15:10",
    "arrivalTime": "15:10",
    "departureLocation": "HAJ",
    "arrivalLocation": "HAJ"
  },
  {
    "id": "parsed-1",
    "date": "2025-08-07",
    "flightNumber": "EW 6851",
    "departureTime": "16:10",
    "arrivalTime": "18:40",
    "departureLocation": "HAJ",
    "arrivalLocation": "PMI"
  },
  {
    "id": "parsed-2",
    "date": "2025-08-07",
    "flightNumber": "C/O",
    "departureTime": "19:10",
    "arrivalTime": "19:10",
    "departureLocation": "PMI",
    "arrivalLocation": "PMI"
  },
  {
    "id": "parsed-3",
    "date": "2025-08-08",
    "flightNumber": "C/I",
    "departureTime": "11:30",
    "arrivalTime": "11:30",
    "departureLocation": "PMI",
    "arrivalLocation": "PMI"
  },
  {
    "id": "parsed-4",
    "date": "2025-08-08",
    "flightNumber": "EW 6802",
    "departureTime": "12:30",
    "arrivalTime": "15:00",
    "departureLocation": "PMI",
    "arrivalLocation": "DRS"
  },
  {
    "id": "parsed-5",
    "date": "2025-08-08",
    "flightNumber": "EW 6803",
    "departureTime": "15:50",
    "arrivalTime": "18:20",
    "departureLocation": "DRS",
    "arrivalLocation": "PMI"
  },
  {
    "id": "parsed-6",
    "date": "2025-08-08",
    "flightNumber": "C/O",
    "departureTime": "18:50",
    "arrivalTime": "18:50",
    "departureLocation": "PMI",
    "arrivalLocation": "PMI"
  },
  {
    "id": "parsed-7",
    "date": "2025-08-09",
    "flightNumber": "O_FLEX",
    "departureTime": "",
    "arrivalTime": "",
    "departureLocation": "PMI",
    "arrivalLocation": "PMI"
  },
  {
    "id": "parsed-8",
    "date": "2025-08-10",
    "flightNumber": "O_FLEX",
    "departureTime": "",
    "arrivalTime": "",
    "departureLocation": "PMI",
    "arrivalLocation": "PMI"
  },
  {
    "id": "parsed-9",
    "date": "2025-08-11",
    "flightNumber": "STBY_S3",
    "departureTime": "09:00",
    "arrivalTime": "21:00",
    "departureLocation": "PMI",
    "arrivalLocation": "PMI"
  },
  {
    "id": "parsed-10",
    "date": "2025-08-12",
    "flightNumber": "C/I",
    "departureTime": "11:30",
    "arrivalTime": "11:30",
    "departureLocation": "PMI",
    "arrivalLocation": "PMI"
  },
  {
    "id": "parsed-11",
    "date": "2025-08-12",
    "flightNumber": "EW 6852",
    "departureTime": "12:30",
    "arrivalTime": "15:05",
    "departureLocation": "PMI",
    "arrivalLocation": "HAJ"
  },
  {
    "id": "parsed-12",
    "date": "2025-08-12",
    "flightNumber": "EW 6853",
    "departureTime": "16:10",
    "arrivalTime": "18:40",
    "departureLocation": "HAJ",
    "arrivalLocation": "PMI"
  },
  {
    "id": "parsed-13",
    "date": "2025-08-12",
    "flightNumber": "EW 3591",
    "departureTime": "19:30",
    "arrivalTime": "22:05",
    "departureLocation": "PMI",
    "arrivalLocation": "HAJ"
  },
  {
    "id": "parsed-14",
    "date": "2025-08-12",
    "flightNumber": "C/O",
    "departureTime": "22:35",
    "arrivalTime": "22:35",
    "departureLocation": "HAJ",
    "arrivalLocation": "HAJ"
  },
  {
    "id": "parsed-15",
    "date": "2025-08-13",
    "flightNumber": "C/I",
    "departureTime": "15:10",
    "arrivalTime": "15:10",
    "departureLocation": "HAJ",
    "arrivalLocation": "HAJ"
  },
  {
    "id": "parsed-16",
    "date": "2025-08-13",
    "flightNumber": "EW 6851",
    "departureTime": "16:10",
    "arrivalTime": "18:40",
    "departureLocation": "HAJ",
    "arrivalLocation": "PMI"
  },
  {
    "id": "parsed-17",
    "date": "2025-08-13",
    "flightNumber": "C/O",
    "departureTime": "19:10",
    "arrivalTime": "19:10",
    "departureLocation": "PMI",
    "arrivalLocation": "PMI"
  },
  {
    "id": "parsed-18",
    "date": "2025-08-14",
    "flightNumber": "O_M",
    "departureTime": "",
    "arrivalTime": "",
    "departureLocation": "PMI",
    "arrivalLocation": "PMI"
  },
  {
    "id": "parsed-19",
    "date": "2025-08-15",
    "flightNumber": "O_M",
    "departureTime": "",
    "arrivalTime": "",
    "departureLocation": "PMI",
    "arrivalLocation": "PMI"
  },
  {
    "id": "parsed-20",
    "date": "2025-08-16",
    "flightNumber": "O_M",
    "departureTime": "",
    "arrivalTime": "",
    "departureLocation": "PMI",
    "arrivalLocation": "PMI"
  },
  {
    "id": "parsed-21",
    "date": "2025-08-17",
    "flightNumber": "O_M",
    "departureTime": "",
    "arrivalTime": "",
    "departureLocation": "PMI",
    "arrivalLocation": "PMI"
  },
  {
    "id": "parsed-22",
    "date": "2025-08-18",
    "flightNumber": "C/I",
    "departureTime": "06:25",
    "arrivalTime": "06:25",
    "departureLocation": "PMI",
    "arrivalLocation": "PMI"
  },
  {
    "id": "parsed-23",
    "date": "2025-08-18",
    "flightNumber": "DH/EW 9575",
    "departureTime": "07:25",
    "arrivalTime": "09:45",
    "departureLocation": "PMI",
    "arrivalLocation": "DUS"
  },
  {
    "id": "parsed-24",
    "date": "2025-08-18",
    "flightNumber": "C/O",
    "departureTime": "09:45",
    "arrivalTime": "09:45",
    "departureLocation": "DUS",
    "arrivalLocation": "DUS"
  },
  {
    "id": "parsed-25",
    "date": "2025-08-19",
    "flightNumber": "PICK",
    "departureTime": "04:20",
    "arrivalTime": "04:20",
    "departureLocation": "DUS",
    "arrivalLocation": "DUS"
  },
  {
    "id": "parsed-26",
    "date": "2025-08-19",
    "flightNumber": "C/I",
    "departureTime": "04:50",
    "arrivalTime": "04:50",
    "departureLocation": "DUS",
    "arrivalLocation": "DUS"
  },
  {
    "id": "parsed-27",
    "date": "2025-08-19",
    "flightNumber": "EW 9670",
    "departureTime": "05:50",
    "arrivalTime": "09:05",
    "departureLocation": "DUS",
    "arrivalLocation": "HER"
  },
  {
    "id": "parsed-28",
    "date": "2025-08-19",
    "flightNumber": "EW 9671",
    "departureTime": "10:00",
    "arrivalTime": "13:25",
    "departureLocation": "HER",
    "arrivalLocation": "DUS"
  },
  {
    "id": "parsed-29",
    "date": "2025-08-19",
    "flightNumber": "C/O",
    "departureTime": "13:55",
    "arrivalTime": "13:55",
    "departureLocation": "DUS",
    "arrivalLocation": "DUS"
  },
  {
    "id": "parsed-30",
    "date": "2025-08-20",
    "flightNumber": "PICK",
    "departureTime": "02:45",
    "arrivalTime": "02:45",
    "departureLocation": "DUS",
    "arrivalLocation": "DUS"
  },
  {
    "id": "parsed-31",
    "date": "2025-08-20",
    "flightNumber": "C/I",
    "departureTime": "03:25",
    "arrivalTime": "03:25",
    "departureLocation": "DUS",
    "arrivalLocation": "DUS"
  },
  {
    "id": "parsed-32",
    "date": "2025-08-20",
    "flightNumber": "EW 9542",
    "departureTime": "04:25",
    "arrivalTime": "09:10",
    "departureLocation": "DUS",
    "arrivalLocation": "LPA"
  },
  {
    "id": "parsed-33",
    "date": "2025-08-20",
    "flightNumber": "EW 9543",
    "departureTime": "10:00",
    "arrivalTime": "14:20",
    "departureLocation": "LPA",
    "arrivalLocation": "DUS"
  },
  {
    "id": "parsed-34",
    "date": "2025-08-20",
    "flightNumber": "C/O",
    "departureTime": "14:50",
    "arrivalTime": "14:50",
    "departureLocation": "DUS",
    "arrivalLocation": "DUS"
  },
  {
    "id": "parsed-35",
    "date": "2025-08-21",
    "flightNumber": "PICK",
    "departureTime": "03:30",
    "arrivalTime": "03:30",
    "departureLocation": "DUS",
    "arrivalLocation": "DUS"
  },
  {
    "id": "parsed-36",
    "date": "2025-08-21",
    "flightNumber": "C/I",
    "departureTime": "04:10",
    "arrivalTime": "04:10",
    "departureLocation": "DUS",
    "arrivalLocation": "DUS"
  },
  {
    "id": "parsed-37",
    "date": "2025-08-21",
    "flightNumber": "EW 9844",
    "departureTime": "05:10",
    "arrivalTime": "07:15",
    "departureLocation": "DUS",
    "arrivalLocation": "OLB"
  },
  {
    "id": "parsed-38",
    "date": "2025-08-21",
    "flightNumber": "EW 9845",
    "departureTime": "07:55",
    "arrivalTime": "10:00",
    "departureLocation": "OLB",
    "arrivalLocation": "DUS"
  },
  {
    "id": "parsed-39",
    "date": "2025-08-21",
    "flightNumber": "C/O",
    "departureTime": "10:30",
    "arrivalTime": "10:30",
    "departureLocation": "DUS",
    "arrivalLocation": "DUS"
  },
  {
    "id": "parsed-40",
    "date": "2025-08-22",
    "flightNumber": "PICK",
    "departureTime": "02:30",
    "arrivalTime": "02:30",
    "departureLocation": "DUS",
    "arrivalLocation": "DUS"
  },
  {
    "id": "parsed-41",
    "date": "2025-08-22",
    "flightNumber": "C/I",
    "departureTime": "03:10",
    "arrivalTime": "03:10",
    "departureLocation": "DUS",
    "arrivalLocation": "DUS"
  },
  {
    "id": "parsed-42",
    "date": "2025-08-22",
    "flightNumber": "EW 9500",
    "departureTime": "04:10",
    "arrivalTime": "06:45",
    "departureLocation": "DUS",
    "arrivalLocation": "IBZ"
  },
  {
    "id": "parsed-43",
    "date": "2025-08-22",
    "flightNumber": "EW 9501",
    "departureTime": "07:25",
    "arrivalTime": "09:50",
    "departureLocation": "IBZ",
    "arrivalLocation": "DUS"
  },
  {
    "id": "parsed-44",
    "date": "2025-08-22",
    "flightNumber": "C/O",
    "departureTime": "10:20",
    "arrivalTime": "10:20",
    "departureLocation": "DUS",
    "arrivalLocation": "DUS"
  },
  {
    "id": "parsed-45",
    "date": "2025-08-23",
    "flightNumber": "PICK",
    "departureTime": "03:00",
    "arrivalTime": "03:00",
    "departureLocation": "DUS",
    "arrivalLocation": "DUS"
  },
  {
    "id": "parsed-46",
    "date": "2025-08-23",
    "flightNumber": "C/I",
    "departureTime": "03:40",
    "arrivalTime": "03:40",
    "departureLocation": "DUS",
    "arrivalLocation": "DUS"
  },
  {
    "id": "parsed-47",
    "date": "2025-08-23",
    "flightNumber": "EW 9432",
    "departureTime": "04:40",
    "arrivalTime": "06:30",
    "departureLocation": "DUS",
    "arrivalLocation": "BIA"
  },
  {
    "id": "parsed-48",
    "date": "2025-08-23",
    "flightNumber": "EW 9433",
    "departureTime": "07:10",
    "arrivalTime": "08:55",
    "departureLocation": "BIA",
    "arrivalLocation": "DUS"
  },
  {
    "id": "parsed-49",
    "date": "2025-08-23",
    "flightNumber": "DH/EW 9580",
    "departureTime": "11:10",
    "arrivalTime": "13:30",
    "departureLocation": "DUS",
    "arrivalLocation": "PMI"
  },
  {
    "id": "parsed-50",
    "date": "2025-08-23",
    "flightNumber": "C/O",
    "departureTime": "13:30",
    "arrivalTime": "13:30",
    "departureLocation": "PMI",
    "arrivalLocation": "PMI"
  },
  {
    "id": "parsed-51",
    "date": "2025-08-24",
    "flightNumber": "O_S",
    "departureTime": "",
    "arrivalTime": "",
    "departureLocation": "PMI",
    "arrivalLocation": "PMI"
  },
  {
    "id": "parsed-52",
    "date": "2025-08-25",
    "flightNumber": "O_S",
    "departureTime": "",
    "arrivalTime": "",
    "departureLocation": "PMI",
    "arrivalLocation": "PMI"
  },
  {
    "id": "parsed-53",
    "date": "2025-08-26",
    "flightNumber": "O_S",
    "departureTime": "",
    "arrivalTime": "",
    "departureLocation": "PMI",
    "arrivalLocation": "PMI"
  },
  {
    "id": "parsed-54",
    "date": "2025-08-27",
    "flightNumber": "STBY_S3",
    "departureTime": "02:00",
    "arrivalTime": "14:00",
    "departureLocation": "PMI",
    "arrivalLocation": "PMI"
  },
  {
    "id": "parsed-55",
    "date": "2025-08-28",
    "flightNumber": "C/I",
    "departureTime": "06:30",
    "arrivalTime": "06:30",
    "departureLocation": "PMI",
    "arrivalLocation": "PMI"
  },
  {
    "id": "parsed-56",
    "date": "2025-08-28",
    "flightNumber": "EW 6896",
    "departureTime": "07:30",
    "arrivalTime": "09:35",
    "departureLocation": "PMI",
    "arrivalLocation": "MUC"
  },
  {
    "id": "parsed-57",
    "date": "2025-08-28",
    "flightNumber": "EW 6897",
    "departureTime": "10:15",
    "arrivalTime": "12:25",
    "departureLocation": "MUC",
    "arrivalLocation": "PMI"
  },
  {
    "id": "parsed-58",
    "date": "2025-08-28",
    "flightNumber": "EW 2581",
    "departureTime": "13:25",
    "arrivalTime": "15:30",
    "departureLocation": "PMI",
    "arrivalLocation": "STR"
  },
  {
    "id": "parsed-59",
    "date": "2025-08-28",
    "flightNumber": "C/O",
    "departureTime": "16:00",
    "arrivalTime": "16:00",
    "departureLocation": "STR",
    "arrivalLocation": "STR"
  },
  {
    "id": "parsed-60",
    "date": "2025-08-29",
    "flightNumber": "PICK",
    "departureTime": "03:00",
    "arrivalTime": "03:00",
    "departureLocation": "STR",
    "arrivalLocation": "STR"
  },
  {
    "id": "parsed-61",
    "date": "2025-08-29",
    "flightNumber": "C/I",
    "departureTime": "03:20",
    "arrivalTime": "03:20",
    "departureLocation": "STR",
    "arrivalLocation": "STR"
  },
  {
    "id": "parsed-62",
    "date": "2025-08-29",
    "flightNumber": "EW 2582",
    "departureTime": "04:20",
    "arrivalTime": "06:20",
    "departureLocation": "STR",
    "arrivalLocation": "PMI"
  },
  {
    "id": "parsed-63",
    "date": "2025-08-29",
    "flightNumber": "DH/EW 9577",
    "departureTime": "07:50",
    "arrivalTime": "10:10",
    "departureLocation": "PMI",
    "arrivalLocation": "DUS"
  },
  {
    "id": "parsed-64",
    "date": "2025-08-29",
    "flightNumber": "C/O",
    "departureTime": "10:10",
    "arrivalTime": "10:10",
    "departureLocation": "DUS",
    "arrivalLocation": "DUS"
  },
  {
    "id": "parsed-65",
    "date": "2025-08-30",
    "flightNumber": "PICK",
    "departureTime": "02:25",
    "arrivalTime": "02:25",
    "departureLocation": "DUS",
    "arrivalLocation": "DUS"
  },
  {
    "id": "parsed-66",
    "date": "2025-08-30",
    "flightNumber": "C/I",
    "departureTime": "03:05",
    "arrivalTime": "03:05",
    "departureLocation": "DUS",
    "arrivalLocation": "DUS"
  },
  {
    "id": "parsed-67",
    "date": "2025-08-30",
    "flightNumber": "EW 9956",
    "departureTime": "04:05",
    "arrivalTime": "05:40",
    "departureLocation": "DUS",
    "arrivalLocation": "LJU"
  },
  {
    "id": "parsed-68",
    "date": "2025-08-30",
    "flightNumber": "EW 9957",
    "departureTime": "06:20",
    "arrivalTime": "08:00",
    "departureLocation": "LJU",
    "arrivalLocation": "DUS"
  },
  {
    "id": "parsed-69",
    "date": "2025-08-30",
    "flightNumber": "DH/EW 9578",
    "departureTime": "09:30",
    "arrivalTime": "11:50",
    "departureLocation": "DUS",
    "arrivalLocation": "PMI"
  },
  {
    "id": "parsed-70",
    "date": "2025-08-30",
    "flightNumber": "C/O",
    "departureTime": "11:50",
    "arrivalTime": "11:50",
    "departureLocation": "PMI",
    "arrivalLocation": "PMI"
  },
  {
    "id": "parsed-71",
    "date": "2025-08-31",
    "flightNumber": "C/I",
    "departureTime": "10:00",
    "arrivalTime": "10:00",
    "departureLocation": "PMI",
    "arrivalLocation": "PMI"
  },
  {
    "id": "parsed-72",
    "date": "2025-08-31",
    "flightNumber": "EW 6804",
    "departureTime": "11:00",
    "arrivalTime": "13:05",
    "departureLocation": "PMI",
    "arrivalLocation": "FKB"
  },
  {
    "id": "parsed-73",
    "date": "2025-08-31",
    "flightNumber": "EW 6805",
    "departureTime": "13:50",
    "arrivalTime": "15:45",
    "departureLocation": "FKB",
    "arrivalLocation": "PMI"
  },
  {
    "id": "parsed-74",
    "date": "2025-08-31",
    "flightNumber": "EW 6894",
    "departureTime": "16:45",
    "arrivalTime": "19:05",
    "departureLocation": "PMI",
    "arrivalLocation": "DUS"
  },
  {
    "id": "parsed-75",
    "date": "2025-08-31",
    "flightNumber": "C/O",
    "departureTime": "19:35",
    "arrivalTime": "19:35",
    "departureLocation": "DUS",
    "arrivalLocation": "DUS"
  }
]